E:\MYPROJECT\C\SAMPLE\DEBUG\SAMPLE.EXE
E:\MYPROJECT\C\SAMPLE\DEBUG\SAMPLE.ILK
E:\MYPROJECT\C\SAMPLE\DEBUG\SAMPLE.PDB
E:\MYPROJECT\C\SAMPLE\SAMPLE\DEBUG\ASSIT.OBJ
E:\MyProject\C\sample\sample\Debug\cl.command.1.tlog
E:\MyProject\C\sample\sample\Debug\CL.read.1.tlog
E:\MyProject\C\sample\sample\Debug\CL.write.1.tlog
E:\MyProject\C\sample\sample\Debug\link.15432.read.1.tlog
E:\MyProject\C\sample\sample\Debug\link.15432.write.1.tlog
E:\MyProject\C\sample\sample\Debug\link.15432-cvtres.read.1.tlog
E:\MyProject\C\sample\sample\Debug\link.15432-cvtres.write.1.tlog
E:\MyProject\C\sample\sample\Debug\link.16096.read.1.tlog
E:\MyProject\C\sample\sample\Debug\link.16096.write.1.tlog
E:\MyProject\C\sample\sample\Debug\link.16096-cvtres.read.1.tlog
E:\MyProject\C\sample\sample\Debug\link.16096-cvtres.write.1.tlog
E:\MyProject\C\sample\sample\Debug\link.18368.read.1.tlog
E:\MyProject\C\sample\sample\Debug\link.18368.write.1.tlog
E:\MyProject\C\sample\sample\Debug\link.18368-cvtres.read.1.tlog
E:\MyProject\C\sample\sample\Debug\link.18368-cvtres.write.1.tlog
E:\MyProject\C\sample\sample\Debug\link.3016.read.1.tlog
E:\MyProject\C\sample\sample\Debug\link.3016.write.1.tlog
E:\MyProject\C\sample\sample\Debug\link.3016-cvtres.read.1.tlog
E:\MyProject\C\sample\sample\Debug\link.3016-cvtres.write.1.tlog
E:\MyProject\C\sample\sample\Debug\link.command.1.tlog
E:\MyProject\C\sample\sample\Debug\link.read.1.tlog
E:\MyProject\C\sample\sample\Debug\link.write.1.tlog
E:\MyProject\C\sample\sample\Debug\link-cvtres.read.1.tlog
E:\MyProject\C\sample\sample\Debug\link-cvtres.write.1.tlog
E:\MYPROJECT\C\SAMPLE\SAMPLE\DEBUG\MAIN.OBJ
E:\MyProject\C\sample\sample\Debug\mt.command.1.tlog
E:\MyProject\C\sample\sample\Debug\mt.read.1.tlog
E:\MyProject\C\sample\sample\Debug\mt.write.1.tlog
E:\MyProject\C\sample\sample\Debug\rc.command.1.tlog
E:\MyProject\C\sample\sample\Debug\rc.read.1.tlog
E:\MyProject\C\sample\sample\Debug\rc.write.1.tlog
E:\MYPROJECT\C\SAMPLE\SAMPLE\DEBUG\SAMPLE.EXE.EMBED.MANIFEST
E:\MYPROJECT\C\SAMPLE\SAMPLE\DEBUG\SAMPLE.EXE.EMBED.MANIFEST.RES
E:\MYPROJECT\C\SAMPLE\SAMPLE\DEBUG\SAMPLE.EXE.INTERMEDIATE.MANIFEST
E:\MyProject\C\sample\sample\Debug\sample.vcxprojResolveAssemblyReference.cache
E:\MyProject\C\sample\sample\Debug\sample.write.1.tlog
E:\MyProject\C\sample\sample\Debug\sample_manifest.rc
E:\MYPROJECT\C\SAMPLE\SAMPLE\DEBUG\SCAN.OBJ
E:\MYPROJECT\C\SAMPLE\SAMPLE\DEBUG\UTIL.OBJ
E:\MyProject\C\sample\sample\Debug\vc100.idb
E:\MYPROJECT\C\SAMPLE\SAMPLE\DEBUG\VC100.PDB
